{"uuid":"57795d80-6201-4ea4-8cb2-ee0543a14d01","historyId":"f3e6b20cb85327fcd7acf002be719166","fullName":"testRunner.UserLoginTestRunner.gotoMyInfo","labels":[{"name":"package","value":"testRunner.UserLoginTestRunner"},{"name":"testClass","value":"testRunner.UserLoginTestRunner"},{"name":"testMethod","value":"gotoMyInfo"},{"name":"parentSuite","value":"Default Suite"},{"name":"suite","value":"OrangeHRM-Demo-Automation"},{"name":"subSuite","value":"testRunner.UserLoginTestRunner"},{"name":"host","value":"DESKTOP-HTK9N1T"},{"name":"thread","value":"5104@DESKTOP-HTK9N1T.main(1)"},{"name":"framework","value":"testng"},{"name":"language","value":"java"}],"links":[],"name":"New user go to my profile to update info","status":"broken","statusDetails":{"known":false,"muted":false,"flaky":false,"message":"Error communicating with the remote browser. It may have died.\nBuild info: version: '4.25.0', revision: '8a8aea2337'\nSystem info: os.name: 'Windows 10', os.arch: 'amd64', os.version: '10.0', java.version: '17.0.12'\nDriver info: org.openqa.selenium.chrome.ChromeDriver\nCommand: [714221f6c6ddaee726e37045be1fa1c4, findElements [using, value]]\nCapabilities {acceptInsecureCerts: false, browserName: chrome, browserVersion: 129.0.6668.60, chrome: {chromedriverVersion: 129.0.6668.70 (df87d5cf12b1..., userDataDir: C:\\Users\\Rimjhim\\AppData\\Lo...}, fedcm:accounts: true, goog:chromeOptions: {debuggerAddress: localhost:52524}, networkConnectionEnabled: false, pageLoadStrategy: normal, platformName: windows, proxy: Proxy(), se:cdp: ws://localhost:52524/devtoo..., se:cdpVersion: 129.0.6668.60, setWindowRect: true, strictFileInteractability: false, timeouts: {implicit: 0, pageLoad: 300000, script: 30000}, unhandledPromptBehavior: dismiss and notify, webauthn:extension:credBlob: true, webauthn:extension:largeBlob: true, webauthn:extension:minPinLength: true, webauthn:extension:prf: true, webauthn:virtualAuthenticators: true}\nSession ID: 714221f6c6ddaee726e37045be1fa1c4","trace":"org.openqa.selenium.remote.UnreachableBrowserException: Error communicating with the remote browser. It may have died.\nBuild info: version: '4.25.0', revision: '8a8aea2337'\nSystem info: os.name: 'Windows 10', os.arch: 'amd64', os.version: '10.0', java.version: '17.0.12'\nDriver info: org.openqa.selenium.chrome.ChromeDriver\nCommand: [714221f6c6ddaee726e37045be1fa1c4, findElements [using, value]]\nCapabilities {acceptInsecureCerts: false, browserName: chrome, browserVersion: 129.0.6668.60, chrome: {chromedriverVersion: 129.0.6668.70 (df87d5cf12b1..., userDataDir: C:\\Users\\Rimjhim\\AppData\\Lo...}, fedcm:accounts: true, goog:chromeOptions: {debuggerAddress: localhost:52524}, networkConnectionEnabled: false, pageLoadStrategy: normal, platformName: windows, proxy: Proxy(), se:cdp: ws://localhost:52524/devtoo..., se:cdpVersion: 129.0.6668.60, setWindowRect: true, strictFileInteractability: false, timeouts: {implicit: 0, pageLoad: 300000, script: 30000}, unhandledPromptBehavior: dismiss and notify, webauthn:extension:credBlob: true, webauthn:extension:largeBlob: true, webauthn:extension:minPinLength: true, webauthn:extension:prf: true, webauthn:virtualAuthenticators: true}\nSession ID: 714221f6c6ddaee726e37045be1fa1c4\r\n\tat org.openqa.selenium.remote.RemoteWebDriver.execute(RemoteWebDriver.java:572)\r\n\tat org.openqa.selenium.remote.ElementLocation$ElementFinder$2.findElements(ElementLocation.java:182)\r\n\tat org.openqa.selenium.remote.ElementLocation.findElements(ElementLocation.java:110)\r\n\tat org.openqa.selenium.remote.RemoteWebDriver.findElements(RemoteWebDriver.java:381)\r\n\tat org.openqa.selenium.remote.RemoteWebDriver.findElements(RemoteWebDriver.java:375)\r\n\tat testRunner.UserLoginTestRunner.gotoMyInfo(UserLoginTestRunner.java:47)\r\n\tat java.base/jdk.internal.reflect.NativeMethodAccessorImpl.invoke0(Native Method)\r\n\tat java.base/jdk.internal.reflect.NativeMethodAccessorImpl.invoke(NativeMethodAccessorImpl.java:77)\r\n\tat java.base/jdk.internal.reflect.DelegatingMethodAccessorImpl.invoke(DelegatingMethodAccessorImpl.java:43)\r\n\tat java.base/java.lang.reflect.Method.invoke(Method.java:568)\r\n\tat org.testng.internal.invokers.MethodInvocationHelper.invokeMethod(MethodInvocationHelper.java:141)\r\n\tat org.testng.internal.invokers.TestInvoker.invokeMethod(TestInvoker.java:686)\r\n\tat org.testng.internal.invokers.TestInvoker.invokeTestMethod(TestInvoker.java:230)\r\n\tat org.testng.internal.invokers.MethodRunner.runInSequence(MethodRunner.java:63)\r\n\tat org.testng.internal.invokers.TestInvoker$MethodInvocationAgent.invoke(TestInvoker.java:992)\r\n\tat org.testng.internal.invokers.TestInvoker.invokeTestMethods(TestInvoker.java:203)\r\n\tat org.testng.internal.invokers.TestMethodWorker.invokeTestMethods(TestMethodWorker.java:154)\r\n\tat org.testng.internal.invokers.TestMethodWorker.run(TestMethodWorker.java:134)\r\n\tat java.base/java.util.ArrayList.forEach(ArrayList.java:1511)\r\n\tat org.testng.TestRunner.privateRun(TestRunner.java:739)\r\n\tat org.testng.TestRunner.run(TestRunner.java:614)\r\n\tat org.testng.SuiteRunner.runTest(SuiteRunner.java:421)\r\n\tat org.testng.SuiteRunner.runSequentially(SuiteRunner.java:413)\r\n\tat org.testng.SuiteRunner.privateRun(SuiteRunner.java:373)\r\n\tat org.testng.SuiteRunner.run(SuiteRunner.java:312)\r\n\tat org.testng.SuiteRunnerWorker.runSuite(SuiteRunnerWorker.java:52)\r\n\tat org.testng.SuiteRunnerWorker.run(SuiteRunnerWorker.java:95)\r\n\tat org.testng.TestNG.runSuitesSequentially(TestNG.java:1274)\r\n\tat org.testng.TestNG.runSuitesLocally(TestNG.java:1208)\r\n\tat org.testng.TestNG.runSuites(TestNG.java:1112)\r\n\tat org.testng.TestNG.run(TestNG.java:1079)\r\n\tat com.intellij.rt.testng.IDEARemoteTestNG.run(IDEARemoteTestNG.java:66)\r\n\tat com.intellij.rt.testng.RemoteTestNGStarter.main(RemoteTestNGStarter.java:105)\r\nCaused by: java.io.UncheckedIOException: java.net.ConnectException\r\n\tat org.openqa.selenium.remote.http.jdk.JdkHttpClient.execute0(JdkHttpClient.java:458)\r\n\tat org.openqa.selenium.remote.http.AddSeleniumUserAgent.lambda$apply$0(AddSeleniumUserAgent.java:42)\r\n\tat org.openqa.selenium.remote.http.Filter.lambda$andFinally$1(Filter.java:55)\r\n\tat org.openqa.selenium.remote.http.jdk.JdkHttpClient.execute(JdkHttpClient.java:374)\r\n\tat org.openqa.selenium.remote.HttpCommandExecutor.execute(HttpCommandExecutor.java:187)\r\n\tat org.openqa.selenium.remote.service.DriverCommandExecutor.invokeExecute(DriverCommandExecutor.java:216)\r\n\tat org.openqa.selenium.remote.service.DriverCommandExecutor.execute(DriverCommandExecutor.java:174)\r\n\tat org.openqa.selenium.remote.RemoteWebDriver.execute(RemoteWebDriver.java:545)\r\n\t... 32 more\r\nCaused by: java.net.ConnectException\r\n\tat java.net.http/jdk.internal.net.http.common.Utils.toConnectException(Utils.java:1055)\r\n\tat java.net.http/jdk.internal.net.http.PlainHttpConnection.connectAsync(PlainHttpConnection.java:198)\r\n\tat java.net.http/jdk.internal.net.http.PlainHttpConnection.checkRetryConnect(PlainHttpConnection.java:230)\r\n\tat java.net.http/jdk.internal.net.http.PlainHttpConnection.lambda$connectAsync$1(PlainHttpConnection.java:206)\r\n\tat java.base/java.util.concurrent.CompletableFuture.uniHandle(CompletableFuture.java:934)\r\n\tat java.base/java.util.concurrent.CompletableFuture$UniHandle.tryFire(CompletableFuture.java:911)\r\n\tat java.base/java.util.concurrent.CompletableFuture.postComplete(CompletableFuture.java:510)\r\n\tat java.base/java.util.concurrent.CompletableFuture$AsyncSupply.run(CompletableFuture.java:1773)\r\n\tat java.base/java.util.concurrent.ThreadPoolExecutor.runWorker(ThreadPoolExecutor.java:1136)\r\n\tat java.base/java.util.concurrent.ThreadPoolExecutor$Worker.run(ThreadPoolExecutor.java:635)\r\n\tat java.base/java.lang.Thread.run(Thread.java:842)\r\nCaused by: java.nio.channels.ClosedChannelException\r\n\tat java.base/sun.nio.ch.SocketChannelImpl.ensureOpen(SocketChannelImpl.java:195)\r\n\tat java.base/sun.nio.ch.SocketChannelImpl.beginConnect(SocketChannelImpl.java:760)\r\n\tat java.base/sun.nio.ch.SocketChannelImpl.connect(SocketChannelImpl.java:848)\r\n\tat java.net.http/jdk.internal.net.http.PlainHttpConnection.lambda$connectAsync$0(PlainHttpConnection.java:183)\r\n\tat java.base/java.security.AccessController.doPrivileged(AccessController.java:569)\r\n\tat java.net.http/jdk.internal.net.http.PlainHttpConnection.connectAsync(PlainHttpConnection.java:185)\r\n\t... 9 more\r\n"},"stage":"finished","steps":[],"attachments":[],"parameters":[],"start":1727435315557,"stop":1727435315563}